Line 38: Class MSComDlg.CommonDialog of control CmDlg was not a loaded control class.
Line 45: Class MSComctlLib.ImageList of control ImageList1 was not a loaded control class.
Line 175: Class TabDlg.SSTab of control SSTab1 was not a loaded control class.
Line 281: Class MCI.MMControl of control MediaPlayer1 was not a loaded control class.
Line 1004: Class MSComCtl2.MonthView of control MonthView1 was not a loaded control class.
Line 1306: Class MSComctlLib.StatusBar of control StatusBar1 was not a loaded control class.
Line 1367: Class MSComDlg.CommonDialog of control dlgCommonDialog1 was not a loaded control class.
Line 1374: Class RichTextLib.RichTextBox of control RTBox was not a loaded control class.
Line 1396: Class ComCtl3.CoolBar of control CoolBar1 was not a loaded control class.
Line 1414: Class MSComCtl2.DTPicker of control DTPicker1 was not a loaded control class.
Line 1512: Class MSComctlLib.Toolbar of control tbToolBar was not a loaded control class.
Line 1693: Class MSComDlg.CommonDialog of control dlgCommonDialog was not a loaded control class.
Line 1700: Class MSComctlLib.ImageList of control imlToolbarIcons was not a loaded control class.
Line 1842: Class SHDocVwCtl.WebBrowser of control Web was not a loaded control class.
Line 41: The property name _ExtentX in CmDlg is invalid.
Line 42: The property name _ExtentY in CmDlg is invalid.
Line 43: The property name _Version in CmDlg is invalid.
Line 48: The property name _ExtentX in ImageList1 is invalid.
Line 49: The property name _ExtentY in ImageList1 is invalid.
Line 51: The property name ImageWidth in ImageList1 is invalid.
Line 52: The property name ImageHeight in ImageList1 is invalid.
Line 53: The property name MaskColor in ImageList1 is invalid.
Line 54: The property name _Version in ImageList1 is invalid.
Line 113: The property name Images in ImageList1 is invalid.
Line 182: The property name _ExtentX in SSTab1 is invalid.
Line 183: The property name _ExtentY in SSTab1 is invalid.
Line 184: The property name _Version in SSTab1 is invalid.
Line 185: The property name Style in SSTab1 is invalid.
Line 186: The property name Tabs in SSTab1 is invalid.
Line 187: The property name TabsPerRow in SSTab1 is invalid.
Line 188: The property name TabHeight in SSTab1 is invalid.
Line 198: The property name TabCaption(0) in SSTab1 is invalid.
Line 199: The property name TabPicture(0) in SSTab1 is invalid.
Line 200: The property name Tab(0).ControlEnabled in SSTab1 is invalid.
Line 201: The property name Tab(0).Control(0) in SSTab1 is invalid.
Line 202: The property name Tab(0).Control(0).Enabled in SSTab1 is invalid.
Line 203: The property name Tab(0).Control(1) in SSTab1 is invalid.
Line 204: The property name Tab(0).Control(1).Enabled in SSTab1 is invalid.
Line 205: The property name Tab(0).Control(2) in SSTab1 is invalid.
Line 206: The property name Tab(0).Control(2).Enabled in SSTab1 is invalid.
Line 207: The property name Tab(0).Control(3) in SSTab1 is invalid.
Line 208: The property name Tab(0).Control(3).Enabled in SSTab1 is invalid.
Line 209: The property name Tab(0).Control(4) in SSTab1 is invalid.
Line 210: The property name Tab(0).Control(4).Enabled in SSTab1 is invalid.
Line 211: The property name Tab(0).Control(5) in SSTab1 is invalid.
Line 212: The property name Tab(0).Control(5).Enabled in SSTab1 is invalid.
Line 213: The property name Tab(0).Control(6) in SSTab1 is invalid.
Line 214: The property name Tab(0).Control(6).Enabled in SSTab1 is invalid.
Line 215: The property name Tab(0).ControlCount in SSTab1 is invalid.
Line 216: The property name TabCaption(1) in SSTab1 is invalid.
Line 217: The property name TabPicture(1) in SSTab1 is invalid.
Line 218: The property name Tab(1).ControlEnabled in SSTab1 is invalid.
Line 219: The property name Tab(1).Control(0) in SSTab1 is invalid.
Line 220: The property name Tab(1).Control(1) in SSTab1 is invalid.
Line 221: The property name Tab(1).Control(2) in SSTab1 is invalid.
Line 222: The property name Tab(1).Control(3) in SSTab1 is invalid.
Line 223: The property name Tab(1).Control(4) in SSTab1 is invalid.
Line 224: The property name Tab(1).Control(5) in SSTab1 is invalid.
Line 225: The property name Tab(1).Control(6) in SSTab1 is invalid.
Line 226: The property name Tab(1).Control(7) in SSTab1 is invalid.
Line 227: The property name Tab(1).Control(8) in SSTab1 is invalid.
Line 228: The property name Tab(1).Control(9) in SSTab1 is invalid.
Line 229: The property name Tab(1).Control(10) in SSTab1 is invalid.
Line 230: The property name Tab(1).Control(11) in SSTab1 is invalid.
Line 231: The property name Tab(1).Control(12) in SSTab1 is invalid.
Line 232: The property name Tab(1).Control(13) in SSTab1 is invalid.
Line 233: The property name Tab(1).Control(14) in SSTab1 is invalid.
Line 234: The property name Tab(1).Control(15) in SSTab1 is invalid.
Line 235: The property name Tab(1).Control(16) in SSTab1 is invalid.
Line 236: The property name Tab(1).Control(17) in SSTab1 is invalid.
Line 237: The property name Tab(1).Control(18) in SSTab1 is invalid.
Line 238: The property name Tab(1).Control(19) in SSTab1 is invalid.
Line 239: The property name Tab(1).Control(20) in SSTab1 is invalid.
Line 240: The property name Tab(1).Control(21) in SSTab1 is invalid.
Line 241: The property name Tab(1).Control(22) in SSTab1 is invalid.
Line 242: The property name Tab(1).Control(23) in SSTab1 is invalid.
Line 243: The property name Tab(1).Control(24) in SSTab1 is invalid.
Line 244: The property name Tab(1).Control(25) in SSTab1 is invalid.
Line 245: The property name Tab(1).Control(26) in SSTab1 is invalid.
Line 246: The property name Tab(1).Control(27) in SSTab1 is invalid.
Line 247: The property name Tab(1).Control(28) in SSTab1 is invalid.
Line 248: The property name Tab(1).Control(29) in SSTab1 is invalid.
Line 249: The property name Tab(1).Control(30) in SSTab1 is invalid.
Line 250: The property name Tab(1).Control(31) in SSTab1 is invalid.
Line 251: The property name Tab(1).Control(32) in SSTab1 is invalid.
Line 252: The property name Tab(1).Control(33) in SSTab1 is invalid.
Line 253: The property name Tab(1).ControlCount in SSTab1 is invalid.
Line 254: The property name TabCaption(2) in SSTab1 is invalid.
Line 255: The property name TabPicture(2) in SSTab1 is invalid.
Line 256: The property name Tab(2).ControlEnabled in SSTab1 is invalid.
Line 257: The property name Tab(2).Control(0) in SSTab1 is invalid.
Line 258: The property name Tab(2).Control(1) in SSTab1 is invalid.
Line 259: The property name Tab(2).Control(1).Enabled in SSTab1 is invalid.
Line 260: The property name Tab(2).Control(2) in SSTab1 is invalid.
Line 261: The property name Tab(2).Control(3) in SSTab1 is invalid.
Line 262: The property name Tab(2).ControlCount in SSTab1 is invalid.
Line 263: The property name TabCaption(3) in SSTab1 is invalid.
Line 264: The property name TabPicture(3) in SSTab1 is invalid.
Line 265: The property name Tab(3).ControlEnabled in SSTab1 is invalid.
Line 266: The property name Tab(3).Control(0) in SSTab1 is invalid.
Line 267: The property name Tab(3).Control(1) in SSTab1 is invalid.
Line 268: The property name Tab(3).Control(2) in SSTab1 is invalid.
Line 269: The property name Tab(3).Control(3) in SSTab1 is invalid.
Line 270: The property name Tab(3).Control(4) in SSTab1 is invalid.
Line 271: The property name Tab(3).Control(5) in SSTab1 is invalid.
Line 272: The property name Tab(3).Control(6) in SSTab1 is invalid.
Line 273: The property name Tab(3).ControlCount in SSTab1 is invalid.
Line 274: The property name TabCaption(4) in SSTab1 is invalid.
Line 275: The property name TabPicture(4) in SSTab1 is invalid.
Line 276: The property name Tab(4).ControlEnabled in SSTab1 is invalid.
Line 277: The property name Tab(4).Control(0) in SSTab1 is invalid.
Line 278: The property name Tab(4).Control(0).Enabled in SSTab1 is invalid.
Line 279: The property name Tab(4).Control(1) in SSTab1 is invalid.
Line 280: The property name Tab(4).ControlCount in SSTab1 is invalid.
Line 287: The property name _ExtentX in MediaPlayer1 is invalid.
Line 288: The property name _ExtentY in MediaPlayer1 is invalid.
Line 289: The property name _Version in MediaPlayer1 is invalid.
Line 290: The property name DeviceType in MediaPlayer1 is invalid.
Line 291: The property name FileName in MediaPlayer1 is invalid.
Line 1011: The property name _ExtentX in MonthView1 is invalid.
Line 1012: The property name _ExtentY in MonthView1 is invalid.
Line 1013: The property name _Version in MonthView1 is invalid.
Line 1018: The property name StartOfWeek in MonthView1 is invalid.
Line 1019: The property name TitleBackColor in MonthView1 is invalid.
Line 1020: The property name TitleForeColor in MonthView1 is invalid.
Line 1021: The property name CurrentDate in MonthView1 is invalid.
Line 1313: The property name _ExtentX in StatusBar1 is invalid.
Line 1314: The property name _ExtentY in StatusBar1 is invalid.
Line 1315: The property name _Version in StatusBar1 is invalid.
Line 1356: The property name Panels in StatusBar1 is invalid.
Line 1370: The property name _ExtentX in dlgCommonDialog1 is invalid.
Line 1371: The property name _ExtentY in dlgCommonDialog1 is invalid.
Line 1372: The property name _Version in dlgCommonDialog1 is invalid.
Line 1380: The property name _ExtentX in RTBox is invalid.
Line 1381: The property name _ExtentY in RTBox is invalid.
Line 1382: The property name _Version in RTBox is invalid.
Line 1384: The property name ScrollBars in RTBox is invalid.
Line 1385: The property name TextRTF in RTBox is invalid.
Line 1402: The property name _ExtentX in CoolBar1 is invalid.
Line 1403: The property name _ExtentY in CoolBar1 is invalid.
Line 1404: The property name BandCount in CoolBar1 is invalid.
Line 1405: The property name _CBWidth in CoolBar1 is invalid.
Line 1406: The property name _CBHeight in CoolBar1 is invalid.
Line 1407: The property name _Version in CoolBar1 is invalid.
Line 1408: The property name BandBackColor1 in CoolBar1 is invalid.
Line 1409: The property name MinWidth1 in CoolBar1 is invalid.
Line 1410: The property name MinHeight1 in CoolBar1 is invalid.
Line 1411: The property name NewRow1 in CoolBar1 is invalid.
Line 1412: The property name MinHeight2 in CoolBar1 is invalid.
Line 1413: The property name NewRow2 in CoolBar1 is invalid.
Line 1421: The property name _ExtentX in DTPicker1 is invalid.
Line 1422: The property name _ExtentY in DTPicker1 is invalid.
Line 1423: The property name _Version in DTPicker1 is invalid.
Line 1433: The property name CalendarBackColor in DTPicker1 is invalid.
Line 1434: The property name CalendarTitleBackColor in DTPicker1 is invalid.
Line 1435: The property name CalendarTitleForeColor in DTPicker1 is invalid.
Line 1436: The property name Format in DTPicker1 is invalid.
Line 1437: The property name CurrentDate in DTPicker1 is invalid.
Line 1519: The property name _ExtentX in tbToolBar is invalid.
Line 1520: The property name _ExtentY in tbToolBar is invalid.
Line 1521: The property name ButtonWidth in tbToolBar is invalid.
Line 1522: The property name ButtonHeight in tbToolBar is invalid.
Line 1523: The property name Style in tbToolBar is invalid.
Line 1524: The property name ImageList in tbToolBar is invalid.
Line 1525: The property name _Version in tbToolBar is invalid.
Line 1690: The property name Buttons in tbToolBar is invalid.
Line 1696: The property name _ExtentX in dlgCommonDialog is invalid.
Line 1697: The property name _ExtentY in dlgCommonDialog is invalid.
Line 1698: The property name _Version in dlgCommonDialog is invalid.
Line 1703: The property name _ExtentX in imlToolbarIcons is invalid.
Line 1704: The property name _ExtentY in imlToolbarIcons is invalid.
Line 1706: The property name ImageWidth in imlToolbarIcons is invalid.
Line 1707: The property name ImageHeight in imlToolbarIcons is invalid.
Line 1708: The property name MaskColor in imlToolbarIcons is invalid.
Line 1709: The property name _Version in imlToolbarIcons is invalid.
Line 1840: The property name Images in imlToolbarIcons is invalid.
Line 1848: The property name ExtentX in Web is invalid.
Line 1849: The property name ExtentY in Web is invalid.
Line 1850: The property name ViewMode in Web is invalid.
Line 1851: The property name Offline in Web is invalid.
Line 1852: The property name Silent in Web is invalid.
Line 1853: The property name RegisterAsBrowser in Web is invalid.
Line 1854: The property name RegisterAsDropTarget in Web is invalid.
Line 1855: The property name AutoArrange in Web is invalid.
Line 1856: The property name NoClientEdge in Web is invalid.
Line 1857: The property name AlignLeft in Web is invalid.
Line 1858: The property name NoWebView in Web is invalid.
Line 1859: The property name HideFileNames in Web is invalid.
Line 1860: The property name SingleClick in Web is invalid.
Line 1861: The property name SingleSelection in Web is invalid.
Line 1862: The property name NoFolders in Web is invalid.
Line 1863: The property name Transparent in Web is invalid.
Line 1864: The property name ViewID in Web is invalid.
Line 1865: The property name Location in Web is invalid.
